WARNING:discord.client:PyNaCl is not installed, voice will NOT be supported
INFO:discord.client:logging in using static token
INFO:discord.gateway:Created websocket connected to wss://gateway.discord.gg?encoding=json&v=6&compress=zlib-stream
INFO:discord.gateway:Shard ID None has sent the IDENTIFY payload.
INFO:discord.gateway:Shard ID None has connected to Gateway: ["gateway-prd-main-qhsw",{"micros":59193,"calls":["discord-sessions-prd-1-14",{"micros":57632,"calls":["start_session",{"micros":51989,"calls":["api-prd-main-p764",{"micros":47429,"calls":["get_user",{"micros":5957},"add_authorized_ip",{"micros":1426},"get_guilds",{"micros":7589},"coros_wait",{"micros":1}]}]},"guilds_connect",{"micros":2,"calls":[]},"presence_connect",{"micros":4620,"calls":[]}]}]}] (Session ID: 9c3f5ca0e90314e6b2a8bc886693f486).
INFO:discord.state:Processed a chunk for 264 members in guild ID 615919624034451470.
INFO:root:DokBot#2395 has connected.
WARNING:discord.client:PyNaCl is not installed, voice will NOT be supported
INFO:discord.client:logging in using static token
INFO:discord.gateway:Created websocket connected to wss://gateway.discord.gg?encoding=json&v=6&compress=zlib-stream
INFO:discord.gateway:Shard ID None has sent the IDENTIFY payload.
INFO:discord.gateway:Shard ID None has connected to Gateway: ["gateway-prd-main-wz2g",{"micros":119375,"calls":["discord-sessions-prd-1-77",{"micros":117065,"calls":["start_session",{"micros":114219,"calls":["api-prd-main-p2cw",{"micros":105114,"calls":["get_user",{"micros":4991},"add_authorized_ip",{"micros":3684},"get_guilds",{"micros":19189},"coros_wait",{"micros":1}]}]},"guilds_connect",{"micros":2,"calls":[]},"presence_connect",{"micros":2050,"calls":[]}]}]}] (Session ID: fe357eb5f69082f27dca53d51e3ddd50).
INFO:discord.state:Processed a chunk for 264 members in guild ID 615919624034451470.
INFO:root:DokBot#2395 has connected.
INFO:root:Received message from Groovypanda#9450:  !saveRaids
WARNING:discord.client:PyNaCl is not installed, voice will NOT be supported
INFO:discord.client:logging in using static token
INFO:discord.gateway:Created websocket connected to wss://gateway.discord.gg?encoding=json&v=6&compress=zlib-stream
INFO:discord.gateway:Shard ID None has sent the IDENTIFY payload.
INFO:discord.gateway:Shard ID None has connected to Gateway: ["gateway-prd-main-v99t",{"micros":192023,"calls":["discord-sessions-prd-1-11",{"micros":179728,"calls":["start_session",{"micros":171241,"calls":["api-prd-main-vq7m",{"micros":164848,"calls":["get_user",{"micros":18279},"add_authorized_ip",{"micros":9291},"get_guilds",{"micros":5898},"coros_wait",{"micros":2}]}]},"guilds_connect",{"micros":2,"calls":[]},"presence_connect",{"micros":0,"calls":[]}]}]}] (Session ID: 6e104f99cd2a50cae3491f2e17f87ca3).
INFO:discord.state:Processed a chunk for 264 members in guild ID 615919624034451470.
INFO:root:DokBot#2395 has connected.
INFO:root:Received message from Groovypanda#9450:  !makeRoster zg
WARNING:root:There's no history yet for ZG
WARNING:root:Following signees do not exist in history: Mertin, Grûtte, Tankié, Zhador, Viana, Libera, Khaydarin, Onu, Activia, Nightrider, Fatoru, Soep, Stolliee, Dok, Sper, Bledhil, Estl, Megalomaniac, Anouska, Raddam, Toven, Avelena, Linc, Monnik, Djoeker, Dibar
INFO:root:Received message from Groovypanda#9450:  !makeRoster zg 2020-04-19
ERROR:root:There are no raids on this day. Exiting.
WARNING:discord.client:PyNaCl is not installed, voice will NOT be supported
INFO:discord.client:logging in using static token
INFO:discord.gateway:Created websocket connected to wss://gateway.discord.gg?encoding=json&v=6&compress=zlib-stream
INFO:discord.gateway:Shard ID None has sent the IDENTIFY payload.
INFO:discord.gateway:Shard ID None has connected to Gateway: ["gateway-prd-main-4pp7",{"micros":42530,"calls":["discord-sessions-prd-1-32",{"micros":38154,"calls":["start_session",{"micros":33218,"calls":["api-prd-main-dmh4",{"micros":29873,"calls":["get_user",{"micros":3236},"add_authorized_ip",{"micros":1951},"get_guilds",{"micros":2283},"coros_wait",{"micros":2}]}]},"guilds_connect",{"micros":1,"calls":[]},"presence_connect",{"micros":1,"calls":[]}]}]}] (Session ID: c4bf6fb7d442b20ccce67b55c76aa686).
INFO:discord.state:Processed a chunk for 264 members in guild ID 615919624034451470.
INFO:root:DokBot#2395 has connected.
INFO:root:Received message from Groovypanda#9450:  !makeRoster zg 2020-04-19
ERROR:root:There are no raids on this day. Exiting.
INFO:root:Received message from DokBot#2395:  Internal server error when executing !makeRoster zg 2020-04-19
WARNING:discord.client:PyNaCl is not installed, voice will NOT be supported
INFO:discord.client:logging in using static token
INFO:discord.gateway:Created websocket connected to wss://gateway.discord.gg?encoding=json&v=6&compress=zlib-stream
INFO:discord.gateway:Shard ID None has sent the IDENTIFY payload.
INFO:discord.gateway:Shard ID None has connected to Gateway: ["gateway-prd-main-pt6c",{"micros":87393,"calls":["discord-sessions-prd-1-59",{"micros":80585,"calls":["start_session",{"micros":78371,"calls":["api-prd-main-80pt",{"micros":72903,"calls":["get_user",{"micros":3598},"add_authorized_ip",{"micros":2526},"get_guilds",{"micros":3424},"coros_wait",{"micros":1}]}]},"guilds_connect",{"micros":2,"calls":[]},"presence_connect",{"micros":1,"calls":[]}]}]}] (Session ID: da707df7e68e8c185dca51db57100c87).
INFO:discord.state:Processed a chunk for 264 members in guild ID 615919624034451470.
INFO:root:DokBot#2395 has connected.
WARNING:discord.client:PyNaCl is not installed, voice will NOT be supported
INFO:discord.client:logging in using static token
INFO:discord.gateway:Created websocket connected to wss://gateway.discord.gg?encoding=json&v=6&compress=zlib-stream
INFO:discord.gateway:Shard ID None has sent the IDENTIFY payload.
INFO:discord.gateway:Shard ID None has connected to Gateway: ["gateway-prd-main-h2nl",{"micros":49247,"calls":["discord-sessions-prd-1-41",{"micros":43827,"calls":["start_session",{"micros":41677,"calls":["api-prd-main-b6gx",{"micros":35424,"calls":["get_user",{"micros":4366},"add_authorized_ip",{"micros":1496},"get_guilds",{"micros":7004},"coros_wait",{"micros":2}]}]},"guilds_connect",{"micros":2,"calls":[]},"presence_connect",{"micros":1346,"calls":[]}]}]}] (Session ID: 0e81c6700b65e8543a2e2aae1be0a364).
INFO:discord.state:Processed a chunk for 264 members in guild ID 615919624034451470.
INFO:root:DokBot#2395 has connected.
INFO:root:Received message from Groovypanda#9450:  !makeRoster zg 2020-04-19
ERROR:root:There are no raids on this day. Exiting.
INFO:root:Received message from DokBot#2395:  Internal server error when executing "!makeRoster zg 2020-04-19"
INFO:root:Received message from Groovypanda#9450:  !makeRoster dafa 2020-04-19
INFO:root:Received message from DokBot#2395:  I cannot make a raid for dafa, please try one of mc, bwl, zg
WARNING:discord.client:PyNaCl is not installed, voice will NOT be supported
INFO:discord.client:logging in using static token
INFO:discord.gateway:Created websocket connected to wss://gateway.discord.gg?encoding=json&v=6&compress=zlib-stream
INFO:discord.gateway:Shard ID None has sent the IDENTIFY payload.
INFO:discord.gateway:Shard ID None has connected to Gateway: ["gateway-prd-main-81hf",{"micros":75670,"calls":["discord-sessions-prd-1-18",{"micros":73184,"calls":["start_session",{"micros":71200,"calls":["api-prd-main-bwz6",{"micros":67142,"calls":["get_user",{"micros":10408},"add_authorized_ip",{"micros":4481},"get_guilds",{"micros":2895},"coros_wait",{"micros":1}]}]},"guilds_connect",{"micros":2,"calls":[]},"presence_connect",{"micros":756,"calls":[]}]}]}] (Session ID: fae9a7331404651e03de3e459dc7cf25).
INFO:discord.state:Processed a chunk for 264 members in guild ID 615919624034451470.
INFO:root:DokBot#2395 has connected.
INFO:root:Received message from Groovypanda#9450:  !makeRoster zg 2020-04-19
ERROR:root:There are no raids on this day. Exiting.
WARNING:discord.client:PyNaCl is not installed, voice will NOT be supported
INFO:discord.client:logging in using static token
INFO:discord.gateway:Created websocket connected to wss://gateway.discord.gg?encoding=json&v=6&compress=zlib-stream
INFO:discord.gateway:Shard ID None has sent the IDENTIFY payload.
INFO:discord.gateway:Shard ID None has connected to Gateway: ["gateway-prd-main-k5ht",{"micros":61828,"calls":["discord-sessions-prd-1-48",{"micros":57812,"calls":["start_session",{"micros":55014,"calls":["api-prd-main-dg8b",{"micros":49517,"calls":["get_user",{"micros":6984},"add_authorized_ip",{"micros":1662},"get_guilds",{"micros":2300},"coros_wait",{"micros":1}]}]},"guilds_connect",{"micros":2,"calls":[]},"presence_connect",{"micros":12,"calls":[]}]}]}] (Session ID: a6bb08cb067e5d6299c7bf7e723bfb48).
INFO:discord.state:Processed a chunk for 264 members in guild ID 615919624034451470.
INFO:root:DokBot#2395 has connected.
WARNING:discord.client:PyNaCl is not installed, voice will NOT be supported
INFO:discord.client:logging in using static token
INFO:discord.gateway:Created websocket connected to wss://gateway.discord.gg?encoding=json&v=6&compress=zlib-stream
INFO:discord.gateway:Shard ID None has sent the IDENTIFY payload.
INFO:discord.gateway:Shard ID None has connected to Gateway: ["gateway-prd-main-pfkz",{"micros":66981,"calls":["discord-sessions-prd-1-14",{"micros":62511,"calls":["start_session",{"micros":55300,"calls":["api-prd-main-d1gt",{"micros":51608,"calls":["get_user",{"micros":3312},"add_authorized_ip",{"micros":1874},"get_guilds",{"micros":2335},"coros_wait",{"micros":2}]}]},"guilds_connect",{"micros":1,"calls":[]},"presence_connect",{"micros":1,"calls":[]}]}]}] (Session ID: dd648a1b7e213dfcd67c70dfbb2de8e4).
INFO:discord.state:Processed a chunk for 264 members in guild ID 615919624034451470.
INFO:root:DokBot#2395 has connected.
INFO:root:Received message from Groovypanda#9450:  !makeRoster zg 2020-04-19
ERROR:root:There are no raids on this day. Exiting.
INFO:root:Received message from Groovypanda#9450:  !makeRoster zg 2020-04-19234
INFO:root:Received message from Groovypanda#9450:  !makeRoster zg 2020-04--19
WARNING:discord.client:PyNaCl is not installed, voice will NOT be supported
INFO:discord.client:logging in using static token
INFO:discord.gateway:Created websocket connected to wss://gateway.discord.gg?encoding=json&v=6&compress=zlib-stream
INFO:discord.gateway:Shard ID None has sent the IDENTIFY payload.
INFO:discord.gateway:Shard ID None has connected to Gateway: ["gateway-prd-main-mfv8",{"micros":47254,"calls":["discord-sessions-prd-1-6",{"micros":46264,"calls":["start_session",{"micros":39176,"calls":["api-prd-main-t187",{"micros":35635,"calls":["get_user",{"micros":3296},"add_authorized_ip",{"micros":1819},"get_guilds",{"micros":2303},"coros_wait",{"micros":2}]}]},"guilds_connect",{"micros":2,"calls":[]},"presence_connect",{"micros":6491,"calls":[]}]}]}] (Session ID: eb9333203f7a2ff94ed9963e2fc35d4c).
INFO:discord.state:Processed a chunk for 264 members in guild ID 615919624034451470.
INFO:root:DokBot#2395 has connected.
INFO:root:Received message from Groovypanda#9450:  !makeRoster zg 2020-04--19
INFO:root:Received message from Groovypanda#9450:  !makeRoster zg 2020-04-19
ERROR:root:There are no raids on this day. Exiting.
WARNING:discord.client:PyNaCl is not installed, voice will NOT be supported
INFO:discord.client:logging in using static token
INFO:discord.gateway:Created websocket connected to wss://gateway.discord.gg?encoding=json&v=6&compress=zlib-stream
INFO:discord.gateway:Shard ID None has sent the IDENTIFY payload.
INFO:discord.gateway:Shard ID None has connected to Gateway: ["gateway-prd-main-fv47",{"micros":101021,"calls":["discord-sessions-prd-1-12",{"micros":93676,"calls":["start_session",{"micros":84410,"calls":["api-prd-main-bmnj",{"micros":72670,"calls":["get_user",{"micros":2239},"add_authorized_ip",{"micros":4040},"get_guilds",{"micros":4013},"coros_wait",{"micros":1}]}]},"guilds_connect",{"micros":2,"calls":[]},"presence_connect",{"micros":1,"calls":[]}]}]}] (Session ID: 36b9dafcd68e33938ad169856abb7d77).
INFO:root:Received message from Groovypanda#9450:  !makeRoster zg 2020-04--19
INFO:discord.state:Processed a chunk for 264 members in guild ID 615919624034451470.
INFO:root:DokBot#2395 has connected.
INFO:root:Received message from Groovypanda#9450:  !makeRoster zg 2020-04-19
WARNING:discord.client:PyNaCl is not installed, voice will NOT be supported
INFO:discord.client:logging in using static token
INFO:discord.gateway:Created websocket connected to wss://gateway.discord.gg?encoding=json&v=6&compress=zlib-stream
INFO:discord.gateway:Shard ID None has sent the IDENTIFY payload.
INFO:discord.gateway:Shard ID None has connected to Gateway: ["gateway-prd-main-nw94",{"micros":69697,"calls":["discord-sessions-prd-1-34",{"micros":66133,"calls":["start_session",{"micros":64983,"calls":["api-prd-main-j5dw",{"micros":60131,"calls":["get_user",{"micros":4769},"add_authorized_ip",{"micros":5763},"get_guilds",{"micros":4437},"coros_wait",{"micros":1}]}]},"guilds_connect",{"micros":2,"calls":[]},"presence_connect",{"micros":407,"calls":[]}]}]}] (Session ID: 8355b27ed76261c7d9fe0ddcd6090676).
INFO:discord.state:Processed a chunk for 264 members in guild ID 615919624034451470.
INFO:root:DokBot#2395 has connected.
INFO:root:Received message from Groovypanda#9450:  !makeRoster zg 2020-04-19
WARNING:root:There's no history yet for ZG
WARNING:root:Following signees do not exist in history: Mertin, Grûtte, Tankié, Zhador, Viana, Libera, Khaydarin, Onu, Activia, Nightrider, Fatoru, Soep, Stolliee, Dok, Sper, Bledhil, Estl, Megalomaniac, Anouska, Raddam, Toven, Avelena, Linc, Monnik, Djoeker, Dibar
WARNING:discord.client:PyNaCl is not installed, voice will NOT be supported
INFO:discord.client:logging in using static token
INFO:discord.gateway:Created websocket connected to wss://gateway.discord.gg?encoding=json&v=6&compress=zlib-stream
INFO:discord.gateway:Shard ID None has sent the IDENTIFY payload.
INFO:discord.gateway:Shard ID None has connected to Gateway: ["gateway-prd-main-x72t",{"micros":44421,"calls":["discord-sessions-prd-1-54",{"micros":38211,"calls":["start_session",{"micros":34952,"calls":["api-prd-main-h3kp",{"micros":31129,"calls":["get_user",{"micros":3522},"add_authorized_ip",{"micros":2039},"get_guilds",{"micros":2055},"coros_wait",{"micros":1}]}]},"guilds_connect",{"micros":2,"calls":[]},"presence_connect",{"micros":1,"calls":[]}]}]}] (Session ID: 68cf0e2baa090b697144764751cefd7a).
INFO:discord.state:Processed a chunk for 264 members in guild ID 615919624034451470.
INFO:root:DokBot#2395 has connected.
INFO:root:Received message from Groovypanda#9450:  !makeRoster zg 2020-04-19
WARNING:root:There's no history yet for ZG
WARNING:root:Following signees do not exist in history: Mertin, Grûtte, Tankié, Zhador, Viana, Libera, Khaydarin, Onu, Activia, Nightrider, Fatoru, Soep, Stolliee, Dok, Sper, Bledhil, Estl, Megalomaniac, Anouska, Raddam, Toven, Avelena, Linc, Monnik, Djoeker, Dibar
WARNING:root:Only found 7/11 for dps
WARNING:root:Only found 2/6 for healer
WARNING:root:Only found 2/3 for tank
WARNING:root:Only found 7/11 for dps
WARNING:root:Only found 3/6 for healer
WARNING:root:Only found 1/3 for tank
INFO:root:Received message from Groovypanda#9450:  !makeRoster zg 2020-04-1352
INFO:root:Received message from Groovypanda#9450:  !makeRoster zg
WARNING:root:There's no history yet for ZG
WARNING:root:Following signees do not exist in history: Mertin, Grûtte, Tankié, Zhador, Viana, Libera, Khaydarin, Onu, Activia, Nightrider, Fatoru, Soep, Stolliee, Dok, Sper, Bledhil, Estl, Megalomaniac, Anouska, Raddam, Toven, Avelena, Linc, Monnik, Djoeker, Dibar
WARNING:root:Only found 7/11 for dps
WARNING:root:Only found 2/6 for healer
WARNING:root:Only found 2/3 for tank
WARNING:root:Only found 7/11 for dps
WARNING:root:Only found 3/6 for healer
WARNING:root:Only found 1/3 for tank
INFO:root:Received message from Groovypanda#9450:  !makeRoster bwl
ERROR:root:There are upcoming raids on 2020-04-14 for bwl.
WARNING:discord.client:PyNaCl is not installed, voice will NOT be supported
INFO:discord.client:logging in using static token
INFO:discord.gateway:Created websocket connected to wss://gateway.discord.gg?encoding=json&v=6&compress=zlib-stream
INFO:discord.gateway:Shard ID None has sent the IDENTIFY payload.
INFO:discord.gateway:Shard ID None has connected to Gateway: ["gateway-prd-main-fswq",{"micros":50281,"calls":["discord-sessions-prd-1-36",{"micros":44372,"calls":["start_session",{"micros":43000,"calls":["api-prd-main-765q",{"micros":38891,"calls":["get_user",{"micros":4131},"add_authorized_ip",{"micros":2041},"get_guilds",{"micros":4573},"coros_wait",{"micros":3}]}]},"guilds_connect",{"micros":2,"calls":[]},"presence_connect",{"micros":1,"calls":[]}]}]}] (Session ID: dcba1bdd0fcd0ba8b826fcfec5ed6f80).
INFO:discord.state:Processed a chunk for 264 members in guild ID 615919624034451470.
INFO:root:DokBot#2395 has connected.
INFO:root:Received message from Groovypanda#9450:  !makeRoster zg
WARNING:root:There's no history yet for ZG
WARNING:root:Following signees do not exist in history: Mertin, Grûtte, Tankié, Zhador, Viana, Libera, Khaydarin, Onu, Activia, Nightrider, Fatoru, Soep, Stolliee, Dok, Sper, Bledhil, Estl, Megalomaniac, Anouska, Raddam, Toven, Avelena, Linc, Monnik, Djoeker, Dibar
WARNING:root:Only found 7/11 for dps
WARNING:root:Only found 2/6 for healer
WARNING:root:Only found 2/3 for tank
WARNING:root:Only found 7/11 for dps
WARNING:root:Only found 3/6 for healer
WARNING:root:Only found 1/3 for tank
WARNING:discord.client:PyNaCl is not installed, voice will NOT be supported
INFO:discord.client:logging in using static token
INFO:discord.gateway:Created websocket connected to wss://gateway.discord.gg?encoding=json&v=6&compress=zlib-stream
INFO:discord.gateway:Shard ID None has sent the IDENTIFY payload.
INFO:discord.gateway:Shard ID None has connected to Gateway: ["gateway-prd-main-g81c",{"micros":158964,"calls":["discord-sessions-prd-1-21",{"micros":156957,"calls":["start_session",{"micros":151096,"calls":["api-prd-main-p2cw",{"micros":132306,"calls":["get_user",{"micros":10875},"add_authorized_ip",{"micros":6097},"get_guilds",{"micros":10042},"coros_wait",{"micros":1}]}]},"guilds_connect",{"micros":2,"calls":[]},"presence_connect",{"micros":1,"calls":[]}]}]}] (Session ID: 75f1a39422e5c4908e12fbfb5f08e48e).
INFO:discord.state:Processed a chunk for 264 members in guild ID 615919624034451470.
INFO:root:DokBot#2395 has connected.
INFO:root:Received message from Groovypanda#9450:  !makeRoster zg
WARNING:root:There's no history yet for ZG
WARNING:root:Following signees do not exist in history: Mertin, Grûtte, Tankié, Zhador, Viana, Libera, Khaydarin, Onu, Activia, Nightrider, Fatoru, Soep, Stolliee, Dok, Sper, Bledhil, Estl, Megalomaniac, Anouska, Raddam, Toven, Avelena, Linc, Monnik, Djoeker, Dibar
WARNING:root:Only found 7/11 for dps
WARNING:root:Only found 2/6 for healer
WARNING:root:Only found 2/3 for tank
WARNING:root:Only found 7/11 for dps
WARNING:root:Only found 3/6 for healer
WARNING:root:Only found 1/3 for tank
WARNING:discord.client:PyNaCl is not installed, voice will NOT be supported
INFO:discord.client:logging in using static token
INFO:discord.gateway:Created websocket connected to wss://gateway.discord.gg?encoding=json&v=6&compress=zlib-stream
INFO:discord.gateway:Shard ID None has sent the IDENTIFY payload.
INFO:discord.gateway:Shard ID None has connected to Gateway: ["gateway-prd-main-gkn5",{"micros":90498,"calls":["discord-sessions-prd-1-48",{"micros":87972,"calls":["start_session",{"micros":83961,"calls":["api-prd-main-tr3s",{"micros":75656,"calls":["get_user",{"micros":7189},"add_authorized_ip",{"micros":6600},"get_guilds",{"micros":4517},"coros_wait",{"micros":2}]}]},"guilds_connect",{"micros":2,"calls":[]},"presence_connect",{"micros":3336,"calls":[]}]}]}] (Session ID: 3bf79d6b7517bfc54e72ace7d6c58ae6).
INFO:discord.state:Processed a chunk for 264 members in guild ID 615919624034451470.
INFO:root:DokBot#2395 has connected.
INFO:root:Received message from Groovypanda#9450:  !makeRoster zg
WARNING:root:There's no history yet for ZG
WARNING:root:Following signees do not exist in history: Mertin, Grûtte, Tankié, Zhador, Viana, Libera, Khaydarin, Onu, Activia, Nightrider, Fatoru, Soep, Stolliee, Dok, Sper, Bledhil, Estl, Megalomaniac, Anouska, Raddam, Toven, Avelena, Linc, Monnik, Djoeker, Dibar
WARNING:root:Only found 7/11 for dps
WARNING:root:Only found 2/6 for healer
WARNING:root:Only found 2/3 for tank
WARNING:root:Only found 7/11 for dps
WARNING:root:Only found 3/6 for healer
WARNING:root:Only found 1/3 for tank
WARNING:discord.client:PyNaCl is not installed, voice will NOT be supported
INFO:discord.client:logging in using static token
INFO:discord.gateway:Created websocket connected to wss://gateway.discord.gg?encoding=json&v=6&compress=zlib-stream
INFO:discord.gateway:Shard ID None has sent the IDENTIFY payload.
INFO:discord.gateway:Shard ID None has connected to Gateway: ["gateway-prd-main-95kn",{"micros":52210,"calls":["discord-sessions-prd-1-76",{"micros":49890,"calls":["start_session",{"micros":46380,"calls":["api-prd-main-80pt",{"micros":42825,"calls":["get_user",{"micros":2700},"add_authorized_ip",{"micros":1842},"get_guilds",{"micros":6130},"coros_wait",{"micros":2}]}]},"guilds_connect",{"micros":2,"calls":[]},"presence_connect",{"micros":1856,"calls":[]}]}]}] (Session ID: e00535634968795b823cdc74b2d1a98c).
INFO:discord.state:Processed a chunk for 264 members in guild ID 615919624034451470.
INFO:root:DokBot#2395 has connected.
INFO:root:Received message from Groovypanda#9450:  !makeRoster zg
WARNING:root:There's no history yet for ZG
WARNING:root:Following signees do not exist in history: Mertin, Grûtte, Tankié, Zhador, Viana, Libera, Khaydarin, Onu, Activia, Nightrider, Fatoru, Soep, Stolliee, Dok, Sper, Bledhil, Estl, Megalomaniac, Anouska, Raddam, Toven, Avelena, Linc, Monnik, Djoeker, Dibar
WARNING:root:Only found 7/11 for dps
WARNING:root:Only found 2/6 for healer
WARNING:root:Only found 2/3 for tank
WARNING:root:Only found 7/11 for dps
WARNING:root:Only found 3/6 for healer
WARNING:root:Only found 1/3 for tank
